Added Component: Designator=C1(0603)
Add component. Clean all parameters for all variants
Add component (AddParameter): Name = "Value"; Value = "0.1uF"; VariantName = "[No Variations]"
Added Component: Designator=C2(0603)
Add component. Clean all parameters for all variants
Add component (AddParameter): Name = "Value"; Value = "2.2uF"; VariantName = "[No Variations]"
Added Component: Designator=C3(0603)
Add component. Clean all parameters for all variants
Add component (AddParameter): Name = "Value"; Value = "2.2uF"; VariantName = "[No Variations]"
Added Component: Designator=C4(0603)
Add component. Clean all parameters for all variants
Add component (AddParameter): Name = "Value"; Value = "2.2uF"; VariantName = "[No Variations]"
Added Component: Designator=C5(0603)
Add component. Clean all parameters for all variants
Add component (AddParameter): Name = "Value"; Value = "2.2uF"; VariantName = "[No Variations]"
Added Component: Designator=C6(0603)
Add component. Clean all parameters for all variants
Add component (AddParameter): Name = "Value"; Value = "10uF"; VariantName = "[No Variations]"
Added Component: Designator=C7(0603)
Add component. Clean all parameters for all variants
Add component (AddParameter): Name = "Value"; Value = "2.2nF"; VariantName = "[No Variations]"
Added Component: Designator=C8(0603)
Add component. Clean all parameters for all variants
Add component (AddParameter): Name = "Value"; Value = "0.1uF"; VariantName = "[No Variations]"
Added Component: Designator=C9(0603)
Add component. Clean all parameters for all variants
Add component (AddParameter): Name = "Value"; Value = "1.5pF"; VariantName = "[No Variations]"
Added Component: Designator=C10(0603)
Add component. Clean all parameters for all variants
Add component (AddParameter): Name = "Value"; Value = "1pF"; VariantName = "[No Variations]"
Added Component: Designator=C11(0603)
Add component. Clean all parameters for all variants
Add component (AddParameter): Name = "Value"; Value = "2.2uF"; VariantName = "[No Variations]"
Added Component: Designator=C12(0603)
Add component. Clean all parameters for all variants
Add component (AddParameter): Name = "Value"; Value = "0.1uF"; VariantName = "[No Variations]"
Added Component: Designator=C13(0603)
Add component. Clean all parameters for all variants
Add component (AddParameter): Name = "Value"; Value = "2.2uF"; VariantName = "[No Variations]"
Added Component: Designator=C14(0603)
Add component. Clean all parameters for all variants
Add component (AddParameter): Name = "Value"; Value = "4.7uF"; VariantName = "[No Variations]"
Added Component: Designator=C15(0603)
Add component. Clean all parameters for all variants
Add component (AddParameter): Name = "Value"; Value = "2.2nF"; VariantName = "[No Variations]"
Added Component: Designator=C16(0603)
Add component. Clean all parameters for all variants
Add component (AddParameter): Name = "Value"; Value = "4.7pF"; VariantName = "[No Variations]"
Added Component: Designator=C17(0603)
Add component. Clean all parameters for all variants
Add component (AddParameter): Name = "Value"; Value = "2.2uF"; VariantName = "[No Variations]"
Added Component: Designator=C18(0603)
Add component. Clean all parameters for all variants
Add component (AddParameter): Name = "Value"; Value = "2.2uF"; VariantName = "[No Variations]"
Added Component: Designator=C19(0603)
Add component. Clean all parameters for all variants
Add component (AddParameter): Name = "Value"; Value = "220pF"; VariantName = "[No Variations]"
Added Component: Designator=C20(0603)
Add component. Clean all parameters for all variants
Add component (AddParameter): Name = "Value"; Value = "0.1uF"; VariantName = "[No Variations]"
Added Component: Designator=C21(0603)
Add component. Clean all parameters for all variants
Add component (AddParameter): Name = "Value"; Value = "10uF"; VariantName = "[No Variations]"
Added Component: Designator=C22(0603)
Add component. Clean all parameters for all variants
Add component (AddParameter): Name = "Value"; Value = "0.1uF"; VariantName = "[No Variations]"
Added Component: Designator=C23(0603)
Add component. Clean all parameters for all variants
Add component (AddParameter): Name = "Value"; Value = "2.2uF"; VariantName = "[No Variations]"
Added Component: Designator=C24(0603)
Add component. Clean all parameters for all variants
Add component (AddParameter): Name = "Value"; Value = "2.2uF"; VariantName = "[No Variations]"
Added Component: Designator=C25(0603)
Add component. Clean all parameters for all variants
Add component (AddParameter): Name = "Value"; Value = "22pF"; VariantName = "[No Variations]"
Added Component: Designator=C26(0603)
Add component. Clean all parameters for all variants
Add component (AddParameter): Name = "Value"; Value = "22pF"; VariantName = "[No Variations]"
Added Component: Designator=C27(0603)
Add component. Clean all parameters for all variants
Add component (AddParameter): Name = "Value"; Value = "220nF"; VariantName = "[No Variations]"
Added Component: Designator=C28(0603)
Add component. Clean all parameters for all variants
Add component (AddParameter): Name = "Value"; Value = "2.2uF"; VariantName = "[No Variations]"
Added Component: Designator=C29(0603)
Add component. Clean all parameters for all variants
Add component (AddParameter): Name = "Value"; Value = "0.1uF"; VariantName = "[No Variations]"
Added Component: Designator=C30(0603)
Add component. Clean all parameters for all variants
Add component (AddParameter): Name = "Value"; Value = "2.2uF"; VariantName = "[No Variations]"
Added Component: Designator=C31(0603)
Add component. Clean all parameters for all variants
Add component (AddParameter): Name = "Value"; Value = "0.1uF"; VariantName = "[No Variations]"
Added Component: Designator=C32(0603)
Add component. Clean all parameters for all variants
Add component (AddParameter): Name = "Value"; Value = "2.2uF"; VariantName = "[No Variations]"
Added Component: Designator=C33(0603)
Add component. Clean all parameters for all variants
Add component (AddParameter): Name = "Value"; Value = "0.1uF"; VariantName = "[No Variations]"
Added Component: Designator=D1(Diode)
Add component. Clean all parameters for all variants
Added Component: Designator=D2(DIODE0603)
Add component. Clean all parameters for all variants
Added Component: Designator=D3(DIODE0603)
Add component. Clean all parameters for all variants
Added Component: Designator=D4(DIODE0603)
Add component. Clean all parameters for all variants
Added Component: Designator=D5(DIODE0603)
Add component. Clean all parameters for all variants
Added Component: Designator=D6(DIODE0603)
Add component. Clean all parameters for all variants
Added Component: Designator=D7(DIODE0603)
Add component. Clean all parameters for all variants
Added Component: Designator=D8(DIODE0603)
Add component. Clean all parameters for all variants
Added Component: Designator=D9(DIODE0603)
Add component. Clean all parameters for all variants
Added Component: Designator=D10(DIODE0603)
Add component. Clean all parameters for all variants
Added Component: Designator=D11(DIODE0603)
Add component. Clean all parameters for all variants
Added Component: Designator=D12(DIODE0603)
Add component. Clean all parameters for all variants
Added Component: Designator=D13(Diode)
Add component. Clean all parameters for all variants
Added Component: Designator=J1(USB)
Add component. Clean all parameters for all variants
Added Component: Designator=J2(PIN1)
Add component. Clean all parameters for all variants
Add component (AddParameter): Name = "LatestRevisionDate"; Value = "17-Jul-2002"; VariantName = "[No Variations]"
Add component (AddParameter): Name = "LatestRevisionNote"; Value = "Re-released for DXP Platform."; VariantName = "[No Variations]"
Add component (AddParameter): Name = "Publisher"; Value = "Altium Limited"; VariantName = "[No Variations]"
Added Component: Designator=L1(0603)
Add component. Clean all parameters for all variants
Add component (AddParameter): Name = "Value"; Value = "8.2nH"; VariantName = "[No Variations]"
Added Component: Designator=L2(0603)
Add component. Clean all parameters for all variants
Add component (AddParameter): Name = "Value"; Value = "3.9nH"; VariantName = "[No Variations]"
Added Component: Designator=L3(0603)
Add component. Clean all parameters for all variants
Add component (AddParameter): Name = "Value"; Value = "2.7nH"; VariantName = "[No Variations]"
Added Component: Designator=L4(CD54)
Add component. Clean all parameters for all variants
Add component (AddParameter): Name = "Value"; Value = "4.7uH"; VariantName = "[No Variations]"
Added Component: Designator=P1(HDR1X4)
Add component. Clean all parameters for all variants
Add component (AddParameter): Name = "LatestRevisionDate"; Value = "17-Jul-2002"; VariantName = "[No Variations]"
Add component (AddParameter): Name = "LatestRevisionNote"; Value = "Re-released for DXP Platform."; VariantName = "[No Variations]"
Add component (AddParameter): Name = "Publisher"; Value = "Altium Limited"; VariantName = "[No Variations]"
Added Component: Designator=P2(HDR1X2)
Add component. Clean all parameters for all variants
Add component (AddParameter): Name = "LatestRevisionDate"; Value = "17-Jul-2002"; VariantName = "[No Variations]"
Add component (AddParameter): Name = "LatestRevisionNote"; Value = "Re-released for DXP Platform."; VariantName = "[No Variations]"
Add component (AddParameter): Name = "Publisher"; Value = "Altium Limited"; VariantName = "[No Variations]"
Added Component: Designator=P3(HDR1X2)
Add component. Clean all parameters for all variants
Add component (AddParameter): Name = "LatestRevisionDate"; Value = "17-Jul-2002"; VariantName = "[No Variations]"
Add component (AddParameter): Name = "LatestRevisionNote"; Value = "Re-released for DXP Platform."; VariantName = "[No Variations]"
Add component (AddParameter): Name = "Publisher"; Value = "Altium Limited"; VariantName = "[No Variations]"
Added Component: Designator=P4(HDR1X2)
Add component. Clean all parameters for all variants
Add component (AddParameter): Name = "LatestRevisionDate"; Value = "17-Jul-2002"; VariantName = "[No Variations]"
Add component (AddParameter): Name = "LatestRevisionNote"; Value = "Re-released for DXP Platform."; VariantName = "[No Variations]"
Add component (AddParameter): Name = "Publisher"; Value = "Altium Limited"; VariantName = "[No Variations]"
Added Component: Designator=P5(HDR1X2)
Add component. Clean all parameters for all variants
Add component (AddParameter): Name = "LatestRevisionDate"; Value = "17-Jul-2002"; VariantName = "[No Variations]"
Add component (AddParameter): Name = "LatestRevisionNote"; Value = "Re-released for DXP Platform."; VariantName = "[No Variations]"
Add component (AddParameter): Name = "Publisher"; Value = "Altium Limited"; VariantName = "[No Variations]"
Added Component: Designator=P6(HDR1X2H)
Add component. Clean all parameters for all variants
Add component (AddParameter): Name = "LatestRevisionDate"; Value = "17-Jul-2002"; VariantName = "[No Variations]"
Add component (AddParameter): Name = "LatestRevisionNote"; Value = "Re-released for DXP Platform."; VariantName = "[No Variations]"
Add component (AddParameter): Name = "Publisher"; Value = "Altium Limited"; VariantName = "[No Variations]"
Added Component: Designator=Q1(SI2303)
Add component. Clean all parameters for all variants
Added Component: Designator=Q2(SI2303)
Add component. Clean all parameters for all variants
Added Component: Designator=Q3(SOT-23B)
Add component. Clean all parameters for all variants
Add component (AddParameter): Name = "Code_JEDEC"; Value = "SOT-23"; VariantName = "[No Variations]"
Add component (AddParameter): Name = "LatestRevisionDate"; Value = "17-Jul-2002"; VariantName = "[No Variations]"
Add component (AddParameter): Name = "LatestRevisionNote"; Value = "Re-released for DXP Platform."; VariantName = "[No Variations]"
Add component (AddParameter): Name = "PackageReference"; Value = "SOT-23B"; VariantName = "[No Variations]"
Add component (AddParameter): Name = "Published"; Value = "8-Jun-2000"; VariantName = "[No Variations]"
Add component (AddParameter): Name = "Publisher"; Value = "Altium Limited"; VariantName = "[No Variations]"
Added Component: Designator=Q4(SI2303)
Add component. Clean all parameters for all variants
Added Component: Designator=Q5(SI2303)
Add component. Clean all parameters for all variants
Added Component: Designator=R1(0603)
Add component. Clean all parameters for all variants
Add component (AddParameter): Name = "Value"; Value = "10K"; VariantName = "[No Variations]"
Added Component: Designator=R2(0603)
Add component. Clean all parameters for all variants
Add component (AddParameter): Name = "Value"; Value = "1K"; VariantName = "[No Variations]"
Added Component: Designator=R3(0603)
Add component. Clean all parameters for all variants
Add component (AddParameter): Name = "Value"; Value = "33K"; VariantName = "[No Variations]"
Added Component: Designator=R4(0603)
Add component. Clean all parameters for all variants
Add component (AddParameter): Name = "Value"; Value = "33K"; VariantName = "[No Variations]"
Added Component: Designator=R5(0603)
Add component. Clean all parameters for all variants
Add component (AddParameter): Name = "Value"; Value = "100"; VariantName = "[No Variations]"
Added Component: Designator=R6(0603)
Add component. Clean all parameters for all variants
Add component (AddParameter): Name = "Value"; Value = "33K"; VariantName = "[No Variations]"
Added Component: Designator=R7(0603)
Add component. Clean all parameters for all variants
Add component (AddParameter): Name = "Value"; Value = "33K"; VariantName = "[No Variations]"
Added Component: Designator=R8(0603)
Add component. Clean all parameters for all variants
Add component (AddParameter): Name = "Value"; Value = "100"; VariantName = "[No Variations]"
Added Component: Designator=R9(0603)
Add component. Clean all parameters for all variants
Add component (AddParameter): Name = "Value"; Value = "100"; VariantName = "[No Variations]"
Added Component: Designator=R10(0603)
Add component. Clean all parameters for all variants
Add component (AddParameter): Name = "Value"; Value = "100"; VariantName = "[No Variations]"
Added Component: Designator=R11(0603)
Add component. Clean all parameters for all variants
Add component (AddParameter): Name = "Value"; Value = "100"; VariantName = "[No Variations]"
Added Component: Designator=R12(0603)
Add component. Clean all parameters for all variants
Add component (AddParameter): Name = "Value"; Value = "100"; VariantName = "[No Variations]"
Added Component: Designator=R13(0603)
Add component. Clean all parameters for all variants
Add component (AddParameter): Name = "Value"; Value = "100"; VariantName = "[No Variations]"
Added Component: Designator=R14(0603)
Add component. Clean all parameters for all variants
Add component (AddParameter): Name = "Value"; Value = "22K"; VariantName = "[No Variations]"
Added Component: Designator=R15(0603)
Add component. Clean all parameters for all variants
Add component (AddParameter): Name = "Value"; Value = "3K"; VariantName = "[No Variations]"
Added Component: Designator=R16(0603)
Add component. Clean all parameters for all variants
Add component (AddParameter): Name = "Value"; Value = "3K"; VariantName = "[No Variations]"
Added Component: Designator=R17(0603)
Add component. Clean all parameters for all variants
Add component (AddParameter): Name = "Value"; Value = "3K"; VariantName = "[No Variations]"
Added Component: Designator=R18(0603)
Add component. Clean all parameters for all variants
Add component (AddParameter): Name = "Value"; Value = "1.65K"; VariantName = "[No Variations]"
Added Component: Designator=R19(0603)
Add component. Clean all parameters for all variants
Add component (AddParameter): Name = "Value"; Value = "3K"; VariantName = "[No Variations]"
Added Component: Designator=R20(0603)
Add component. Clean all parameters for all variants
Add component (AddParameter): Name = "Value"; Value = "33K"; VariantName = "[No Variations]"
Added Component: Designator=R21(0603)
Add component. Clean all parameters for all variants
Add component (AddParameter): Name = "Value"; Value = "33K"; VariantName = "[No Variations]"
Added Component: Designator=R22(0603)
Add component. Clean all parameters for all variants
Add component (AddParameter): Name = "Value"; Value = "33K"; VariantName = "[No Variations]"
Added Component: Designator=R23(0603)
Add component. Clean all parameters for all variants
Add component (AddParameter): Name = "Value"; Value = "10K"; VariantName = "[No Variations]"
Added Component: Designator=U2(CSTCE8M00)
Add component. Clean all parameters for all variants
Added Component: Designator=U4(SW)
Add component. Clean all parameters for all variants
Added Component: Designator=U5(LTC4054)
Add component. Clean all parameters for all variants
Added Component: Designator=U7(NRF24L01)
Add component. Clean all parameters for all variants
Added Component: Designator=U9(HMC5883)
Add component. Clean all parameters for all variants
Added Component: Designator=U10(MS5611)
Add component. Clean all parameters for all variants
Added Component: Designator=U11(HM-06)
Add component. Clean all parameters for all variants
Added Component: Designator=U12(MIC5205)
Add component. Clean all parameters for all variants
Added Component: Designator=U13(MIC5205)
Add component. Clean all parameters for all variants
Added Component: Designator=X1(CST20PPM)
Add component. Clean all parameters for all variants
Added Pin To Net: NetName=V3D3 Pin=C1-1
Added Pin To Net: NetName=GND Pin=C1-2
Added Pin To Net: NetName=V3D3 Pin=C2-1
Added Pin To Net: NetName=GND Pin=C2-2
Added Pin To Net: NetName=RST Pin=C3-1
Added Pin To Net: NetName=GND Pin=C3-2
Added Pin To Net: NetName=VDDCP2102 Pin=C4-1
Added Pin To Net: NetName=GND Pin=C4-2
Added Pin To Net: NetName=NetC5_1 Pin=C5-1
Added Pin To Net: NetName=GND Pin=C5-2
Added Pin To Net: NetName=NetC6_1 Pin=C6-1
Added Pin To Net: NetName=GND Pin=C6-2
Added Pin To Net: NetName=NetC7_1 Pin=C7-1
Added Pin To Net: NetName=GND Pin=C7-2
Added Pin To Net: NetName=NetC8_1 Pin=C8-1
Added Pin To Net: NetName=GND Pin=C8-2
Added Pin To Net: NetName=NetC9_1 Pin=C9-1
Added Pin To Net: NetName=NetC9_2 Pin=C9-2
Added Pin To Net: NetName=NetC9_2 Pin=C10-1
Added Pin To Net: NetName=GND Pin=C10-2
Added Pin To Net: NetName=V3D3 Pin=C11-1
Added Pin To Net: NetName=GND Pin=C11-2
Added Pin To Net: NetName=V5D0 Pin=C12-1
Added Pin To Net: NetName=GND Pin=C12-2
Added Pin To Net: NetName=V5D0 Pin=C13-1
Added Pin To Net: NetName=GND Pin=C13-2
Added Pin To Net: NetName=NetC14_1 Pin=C14-1
Added Pin To Net: NetName=GND Pin=C14-2
Added Pin To Net: NetName=NetC15_1 Pin=C15-1
Added Pin To Net: NetName=GND Pin=C15-2
Added Pin To Net: NetName=NetC15_1 Pin=C16-1
Added Pin To Net: NetName=GND Pin=C16-2
Added Pin To Net: NetName=V3D3 Pin=C17-1
Added Pin To Net: NetName=GND Pin=C17-2
Added Pin To Net: NetName=V3D3 Pin=C18-1
Added Pin To Net: NetName=GND Pin=C18-2
Added Pin To Net: NetName=V5D0 Pin=C19-1
Added Pin To Net: NetName=NetC19_2 Pin=C19-2
Added Pin To Net: NetName=VSYS Pin=C20-1
Added Pin To Net: NetName=GND Pin=C20-2
Added Pin To Net: NetName=VSYS Pin=C21-1
Added Pin To Net: NetName=GND Pin=C21-2
Added Pin To Net: NetName=V3D3 Pin=C22-1
Added Pin To Net: NetName=GND Pin=C22-2
Added Pin To Net: NetName=V3D3 Pin=C23-1
Added Pin To Net: NetName=GND Pin=C23-2
Added Pin To Net: NetName=BAT_DET Pin=C24-1
Added Pin To Net: NetName=GND Pin=C24-2
Added Pin To Net: NetName=NetC25_1 Pin=C25-1
Added Pin To Net: NetName=GND Pin=C25-2
Added Pin To Net: NetName=NetC26_1 Pin=C26-1
Added Pin To Net: NetName=GND Pin=C26-2
Added Pin To Net: NetName=NetC27_1 Pin=C27-1
Added Pin To Net: NetName=SETC Pin=C27-2
Added Pin To Net: NetName=V3D3 Pin=C28-1
Added Pin To Net: NetName=GND Pin=C28-2
Added Pin To Net: NetName=V3D3 Pin=C29-1
Added Pin To Net: NetName=GND Pin=C29-2
Added Pin To Net: NetName=V3D3 Pin=C30-1
Added Pin To Net: NetName=GND Pin=C30-2
Added Pin To Net: NetName=V3D3 Pin=C31-1
Added Pin To Net: NetName=GND Pin=C31-2
Added Pin To Net: NetName=V33BT Pin=C32-1
Added Pin To Net: NetName=GND Pin=C32-2
Added Pin To Net: NetName=V33BT Pin=C33-1
Added Pin To Net: NetName=GND Pin=C33-2
Added Pin To Net: NetName=VBUS Pin=D1-A
Added Pin To Net: NetName=V5D0 Pin=D1-K
Added Pin To Net: NetName=NetD2_1 Pin=D2-1
Added Pin To Net: NetName=GND Pin=D2-2
Added Pin To Net: NetName=NetD2_1 Pin=D3-1
Added Pin To Net: NetName=GND Pin=D3-2
Added Pin To Net: NetName=NetD4_1 Pin=D4-1
Added Pin To Net: NetName=GND Pin=D4-2
Added Pin To Net: NetName=NetD4_1 Pin=D5-1
Added Pin To Net: NetName=GND Pin=D5-2
Added Pin To Net: NetName=NetD6_1 Pin=D6-1
Added Pin To Net: NetName=GND Pin=D6-2
Added Pin To Net: NetName=NetD6_1 Pin=D7-1
Added Pin To Net: NetName=GND Pin=D7-2
Added Pin To Net: NetName=NetD8_1 Pin=D8-1
Added Pin To Net: NetName=GND Pin=D8-2
Added Pin To Net: NetName=NetD8_1 Pin=D9-1
Added Pin To Net: NetName=GND Pin=D9-2
Added Pin To Net: NetName=NetD10_1 Pin=D10-1
Added Pin To Net: NetName=CHG_LED Pin=D10-2
Added Pin To Net: NetName=NetD11_1 Pin=D11-1
Added Pin To Net: NetName=GND Pin=D11-2
Added Pin To Net: NetName=NetD12_1 Pin=D12-1
Added Pin To Net: NetName=GND Pin=D12-2
Added Pin To Net: NetName=NetD13_A Pin=D13-A
Added Pin To Net: NetName=V5D0 Pin=D13-K
Added Pin To Net: NetName=VBUS Pin=J1-1
Added Pin To Net: NetName=DN Pin=J1-2
Added Pin To Net: NetName=DP Pin=J1-3
Added Pin To Net: NetName=GND Pin=J1-5
Added Pin To Net: NetName=GND Pin=J1-6
Added Pin To Net: NetName=GND Pin=J1-7
Added Pin To Net: NetName=GND Pin=J1-8
Added Pin To Net: NetName=GND Pin=J1-9
Added Pin To Net: NetName=NetC9_2 Pin=J2-1
Added Pin To Net: NetName=ANT1 Pin=L1-1
Added Pin To Net: NetName=ANT2 Pin=L1-2
Added Pin To Net: NetName=NetC9_1 Pin=L2-1
Added Pin To Net: NetName=ANT2 Pin=L2-2
Added Pin To Net: NetName=NetC15_1 Pin=L3-1
Added Pin To Net: NetName=ANT1 Pin=L3-2
Added Pin To Net: NetName=VSYS Pin=L4-1
Added Pin To Net: NetName=NetD13_A Pin=L4-2
Added Pin To Net: NetName=SWCLK Pin=P1-1
Added Pin To Net: NetName=SWDIO Pin=P1-2
Added Pin To Net: NetName=V3D3 Pin=P1-3
Added Pin To Net: NetName=GND Pin=P1-4
Added Pin To Net: NetName=VSYS Pin=P2-1
Added Pin To Net: NetName=NetP2_2 Pin=P2-2
Added Pin To Net: NetName=VSYS Pin=P3-1
Added Pin To Net: NetName=NetP3_2 Pin=P3-2
Added Pin To Net: NetName=VSYS Pin=P4-1
Added Pin To Net: NetName=NetP4_2 Pin=P4-2
Added Pin To Net: NetName=VSYS Pin=P5-1
Added Pin To Net: NetName=NetP5_2 Pin=P5-2
Added Pin To Net: NetName=GND Pin=P6-1
Added Pin To Net: NetName=NetP6_2 Pin=P6-2
Added Pin To Net: NetName=PWMA Pin=Q1-1
Added Pin To Net: NetName=GND Pin=Q1-2
Added Pin To Net: NetName=NetP2_2 Pin=Q1-3
Added Pin To Net: NetName=PWMB Pin=Q2-1
Added Pin To Net: NetName=GND Pin=Q2-2
Added Pin To Net: NetName=NetP3_2 Pin=Q2-3
Added Pin To Net: NetName=BOOT0 Pin=Q3-1
Added Pin To Net: NetName=NetQ3_2 Pin=Q3-2
Added Pin To Net: NetName=GND Pin=Q3-3
Added Pin To Net: NetName=PWMC Pin=Q4-1
Added Pin To Net: NetName=GND Pin=Q4-2
Added Pin To Net: NetName=NetP4_2 Pin=Q4-3
Added Pin To Net: NetName=PWMD Pin=Q5-1
Added Pin To Net: NetName=GND Pin=Q5-2
Added Pin To Net: NetName=NetP5_2 Pin=Q5-3
Added Pin To Net: NetName=BOOT0 Pin=R1-1
Added Pin To Net: NetName=VBUS Pin=R1-2
Added Pin To Net: NetName=RST Pin=R2-1
Added Pin To Net: NetName=V3D3 Pin=R2-2
Added Pin To Net: NetName=GND Pin=R3-1
Added Pin To Net: NetName=PWMA Pin=R3-2
Added Pin To Net: NetName=GND Pin=R4-1
Added Pin To Net: NetName=PWMB Pin=R4-2
Added Pin To Net: NetName=NetD10_1 Pin=R5-1
Added Pin To Net: NetName=VBUS Pin=R5-2
Added Pin To Net: NetName=GND Pin=R6-1
Added Pin To Net: NetName=PWMC Pin=R6-2
Added Pin To Net: NetName=GND Pin=R7-1
Added Pin To Net: NetName=PWMD Pin=R7-2
Added Pin To Net: NetName=NetD11_1 Pin=R8-1
Added Pin To Net: NetName=BT_LED Pin=R8-2
Added Pin To Net: NetName=PA11 Pin=R9-1
Added Pin To Net: NetName=NetD2_1 Pin=R9-2
Added Pin To Net: NetName=PA8 Pin=R10-1
Added Pin To Net: NetName=NetD4_1 Pin=R10-2
Added Pin To Net: NetName=PB1 Pin=R11-1
Added Pin To Net: NetName=NetD6_1 Pin=R11-2
Added Pin To Net: NetName=PB3 Pin=R12-1
Added Pin To Net: NetName=NetD8_1 Pin=R12-2
Added Pin To Net: NetName=NetD12_1 Pin=R13-1
Added Pin To Net: NetName=V3D3 Pin=R13-2
Added Pin To Net: NetName=GND Pin=R14-1
Added Pin To Net: NetName=NetR14_2 Pin=R14-2
Added Pin To Net: NetName=V3D3 Pin=R15-1
Added Pin To Net: NetName=I2C_SDA Pin=R15-2
Added Pin To Net: NetName=V3D3 Pin=R16-1
Added Pin To Net: NetName=I2C_SCL Pin=R16-2
Added Pin To Net: NetName=V3D3 Pin=R17-1
Added Pin To Net: NetName=MP_INT Pin=R17-2
Added Pin To Net: NetName=GND Pin=R18-1
Added Pin To Net: NetName=VBUS Pin=R18-2
Added Pin To Net: NetName=V3D3 Pin=R19-1
Added Pin To Net: NetName=HM_INT Pin=R19-2
Added Pin To Net: NetName=V5D0 Pin=R20-1
Added Pin To Net: NetName=NetC19_2 Pin=R20-2
Added Pin To Net: NetName=VSYS Pin=R21-1
Added Pin To Net: NetName=BAT_DET Pin=R21-2
Added Pin To Net: NetName=GND Pin=R22-1
Added Pin To Net: NetName=BAT_DET Pin=R22-2
Added Pin To Net: NetName=NetC19_2 Pin=R23-1
Added Pin To Net: NetName=GND Pin=R23-2
Added Pin To Net: NetName=OSC_IN Pin=U2-1
Added Pin To Net: NetName=GND Pin=U2-2
Added Pin To Net: NetName=OSC_OUT Pin=U2-3
Added Pin To Net: NetName=VSYS Pin=U4-1
Added Pin To Net: NetName=NetP6_2 Pin=U4-2
Added Pin To Net: NetName=NetU4_3 Pin=U4-3
Added Pin To Net: NetName=CHG_LED Pin=U5-1
Added Pin To Net: NetName=GND Pin=U5-2
Added Pin To Net: NetName=NetU4_3 Pin=U5-3
Added Pin To Net: NetName=NetC6_1 Pin=U5-4
Added Pin To Net: NetName=VBUS Pin=U5-5
Added Pin To Net: NetName=CE Pin=U7-1
Added Pin To Net: NetName=CSN Pin=U7-2
Added Pin To Net: NetName=SCK Pin=U7-3
Added Pin To Net: NetName=MOSI Pin=U7-4
Added Pin To Net: NetName=MISO Pin=U7-5
Added Pin To Net: NetName=NRF_IRQ Pin=U7-6
Added Pin To Net: NetName=V3D3 Pin=U7-7
Added Pin To Net: NetName=GND Pin=U7-8
Added Pin To Net: NetName=NetC26_1 Pin=U7-9
Added Pin To Net: NetName=NetC25_1 Pin=U7-10
Added Pin To Net: NetName=NetC15_1 Pin=U7-11
Added Pin To Net: NetName=ANT1 Pin=U7-12
Added Pin To Net: NetName=ANT2 Pin=U7-13
Added Pin To Net: NetName=GND Pin=U7-14
Added Pin To Net: NetName=V3D3 Pin=U7-15
Added Pin To Net: NetName=NetR14_2 Pin=U7-16
Added Pin To Net: NetName=GND Pin=U7-17
Added Pin To Net: NetName=V3D3 Pin=U7-18
Added Pin To Net: NetName=NetC5_1 Pin=U7-19
Added Pin To Net: NetName=GND Pin=U7-20
Added Pin To Net: NetName=Q_SCK Pin=U9-1
Added Pin To Net: NetName=V3D3 Pin=U9-2
Added Pin To Net: NetName=NetC27_1 Pin=U9-8
Added Pin To Net: NetName=GND Pin=U9-9
Added Pin To Net: NetName=NetC14_1 Pin=U9-10
Added Pin To Net: NetName=GND Pin=U9-11
Added Pin To Net: NetName=SETC Pin=U9-12
Added Pin To Net: NetName=V3D3 Pin=U9-13
Added Pin To Net: NetName=HM_INT Pin=U9-15
Added Pin To Net: NetName=Q_SDA Pin=U9-16
Added Pin To Net: NetName=V3D3 Pin=U10-1
Added Pin To Net: NetName=V3D3 Pin=U10-2
Added Pin To Net: NetName=GND Pin=U10-3
Added Pin To Net: NetName=GND Pin=U10-4
Added Pin To Net: NetName=GND Pin=U10-5
Added Pin To Net: NetName=Q_SDA Pin=U10-7
Added Pin To Net: NetName=Q_SCK Pin=U10-8
Added Pin To Net: NetName=RXD_BT Pin=U11-2
Added Pin To Net: NetName=TXD_BT Pin=U11-4
Added Pin To Net: NetName=V33BT Pin=U11-9
Added Pin To Net: NetName=GND Pin=U11-12
Added Pin To Net: NetName=BT_LED Pin=U11-15
Added Pin To Net: NetName=V5D0 Pin=U12-1
Added Pin To Net: NetName=GND Pin=U12-2
Added Pin To Net: NetName=V5D0 Pin=U12-3
Added Pin To Net: NetName=V3D3 Pin=U12-5
Added Pin To Net: NetName=V5D0 Pin=U13-1
Added Pin To Net: NetName=GND Pin=U13-2
Added Pin To Net: NetName=BT_EN Pin=U13-3
Added Pin To Net: NetName=V33BT Pin=U13-5
Added Pin To Net: NetName=NetC25_1 Pin=X1-1
Added Pin To Net: NetName=GND Pin=X1-2
Added Pin To Net: NetName=NetC26_1 Pin=X1-3
Added Pin To Net: NetName=GND Pin=X1-4
Added Member To Class: ClassName=quadrotor1 Member=Component C1 CAP
Added Member To Class: ClassName=quadrotor1 Member=Component C2 CAP
Added Member To Class: ClassName=quadrotor1 Member=Component C3 CAP
Added Member To Class: ClassName=quadrotor1 Member=Component C4 CAP
Added Member To Class: ClassName=quadrotor1 Member=Component C5 CAP
Added Member To Class: ClassName=quadrotor1 Member=Component C6 CAP
Added Member To Class: ClassName=quadrotor1 Member=Component C7 CAP
Added Member To Class: ClassName=quadrotor1 Member=Component C8 CAP
Added Member To Class: ClassName=quadrotor1 Member=Component C9 CAP
Added Member To Class: ClassName=quadrotor1 Member=Component C10 CAP
Added Member To Class: ClassName=quadrotor1 Member=Component C11 CAP
Added Member To Class: ClassName=quadrotor1 Member=Component C12 CAP
Added Member To Class: ClassName=quadrotor1 Member=Component C13 CAP
Added Member To Class: ClassName=quadrotor1 Member=Component C14 CAP
Added Member To Class: ClassName=quadrotor1 Member=Component C15 CAP
Added Member To Class: ClassName=quadrotor1 Member=Component C16 CAP
Added Member To Class: ClassName=quadrotor1 Member=Component C17 CAP
Added Member To Class: ClassName=quadrotor1 Member=Component C18 CAP
Added Member To Class: ClassName=quadrotor1 Member=Component C19 CAP
Added Member To Class: ClassName=quadrotor1 Member=Component C20 CAP
Added Member To Class: ClassName=quadrotor1 Member=Component C21 CAP
Added Member To Class: ClassName=quadrotor1 Member=Component C22 CAP
Added Member To Class: ClassName=quadrotor1 Member=Component C23 CAP
Added Member To Class: ClassName=quadrotor1 Member=Component C24 CAP
Added Member To Class: ClassName=quadrotor1 Member=Component C25 CAP
Added Member To Class: ClassName=quadrotor1 Member=Component C26 CAP
Added Member To Class: ClassName=quadrotor1 Member=Component C27 CAP
Added Member To Class: ClassName=quadrotor1 Member=Component C28 CAP
Added Member To Class: ClassName=quadrotor1 Member=Component C29 CAP
Added Member To Class: ClassName=quadrotor1 Member=Component C30 CAP
Added Member To Class: ClassName=quadrotor1 Member=Component C31 CAP
Added Member To Class: ClassName=quadrotor1 Member=Component C32 CAP
Added Member To Class: ClassName=quadrotor1 Member=Component C33 CAP
Added Member To Class: ClassName=quadrotor1 Member=Component D1 DIODE
Added Member To Class: ClassName=quadrotor1 Member=Component D2 LED
Added Member To Class: ClassName=quadrotor1 Member=Component D3 LED
Added Member To Class: ClassName=quadrotor1 Member=Component D4 LED
Added Member To Class: ClassName=quadrotor1 Member=Component D5 LED
Added Member To Class: ClassName=quadrotor1 Member=Component D6 LED
Added Member To Class: ClassName=quadrotor1 Member=Component D7 LED
Added Member To Class: ClassName=quadrotor1 Member=Component D8 LED
Added Member To Class: ClassName=quadrotor1 Member=Component D9 LED
Added Member To Class: ClassName=quadrotor1 Member=Component D10 LED
Added Member To Class: ClassName=quadrotor1 Member=Component D11 LED
Added Member To Class: ClassName=quadrotor1 Member=Component D12 LED
Added Member To Class: ClassName=quadrotor1 Member=Component D13 DIODE
Added Member To Class: ClassName=quadrotor1 Member=Component J1 USB
Added Member To Class: ClassName=quadrotor1 Member=Component J2 Socket
Added Member To Class: ClassName=quadrotor1 Member=Component L1 INDUCTOR
Added Member To Class: ClassName=quadrotor1 Member=Component L2 INDUCTOR
Added Member To Class: ClassName=quadrotor1 Member=Component L3 INDUCTOR
Added Member To Class: ClassName=quadrotor1 Member=Component L4 INDUCTOR
Added Member To Class: ClassName=quadrotor1 Member=Component P1 Header 4
Added Member To Class: ClassName=quadrotor1 Member=Component P2 Header 2
Added Member To Class: ClassName=quadrotor1 Member=Component P3 Header 2
Added Member To Class: ClassName=quadrotor1 Member=Component P4 Header 2
Added Member To Class: ClassName=quadrotor1 Member=Component P5 Header 2
Added Member To Class: ClassName=quadrotor1 Member=Component P6 Header 2H
Added Member To Class: ClassName=quadrotor1 Member=Component Q1 SI2302
Added Member To Class: ClassName=quadrotor1 Member=Component Q2 SI2302
Added Member To Class: ClassName=quadrotor1 Member=Component Q3 QNPN
Added Member To Class: ClassName=quadrotor1 Member=Component Q4 SI2302
Added Member To Class: ClassName=quadrotor1 Member=Component Q5 SI2302
Added Member To Class: ClassName=quadrotor1 Member=Component R1 RES
Added Member To Class: ClassName=quadrotor1 Member=Component R2 RES
Added Member To Class: ClassName=quadrotor1 Member=Component R3 RES
Added Member To Class: ClassName=quadrotor1 Member=Component R4 RES
Added Member To Class: ClassName=quadrotor1 Member=Component R5 RES
Added Member To Class: ClassName=quadrotor1 Member=Component R6 RES
Added Member To Class: ClassName=quadrotor1 Member=Component R7 RES
Added Member To Class: ClassName=quadrotor1 Member=Component R8 RES
Added Member To Class: ClassName=quadrotor1 Member=Component R9 RES
Added Member To Class: ClassName=quadrotor1 Member=Component R10 RES
Added Member To Class: ClassName=quadrotor1 Member=Component R11 RES
Added Member To Class: ClassName=quadrotor1 Member=Component R12 RES
Added Member To Class: ClassName=quadrotor1 Member=Component R13 RES
Added Member To Class: ClassName=quadrotor1 Member=Component R14 RES
Added Member To Class: ClassName=quadrotor1 Member=Component R15 RES
Added Member To Class: ClassName=quadrotor1 Member=Component R16 RES
Added Member To Class: ClassName=quadrotor1 Member=Component R17 RES
Added Member To Class: ClassName=quadrotor1 Member=Component R18 RES
Added Member To Class: ClassName=quadrotor1 Member=Component R19 RES
Added Member To Class: ClassName=quadrotor1 Member=Component R20 RES
Added Member To Class: ClassName=quadrotor1 Member=Component R21 RES
Added Member To Class: ClassName=quadrotor1 Member=Component R22 RES
Added Member To Class: ClassName=quadrotor1 Member=Component R23 RES
Added Member To Class: ClassName=quadrotor1 Member=Component U2 CSTCE8M00
Added Member To Class: ClassName=quadrotor1 Member=Component U4 SW
Added Member To Class: ClassName=quadrotor1 Member=Component U5 LTC4054
Added Member To Class: ClassName=quadrotor1 Member=Component U7 NRF24L01
Added Member To Class: ClassName=quadrotor1 Member=Component U9 HMC5883
Added Member To Class: ClassName=quadrotor1 Member=Component U10 MS5611
Added Member To Class: ClassName=quadrotor1 Member=Component U11 HM-06-BT
Added Member To Class: ClassName=quadrotor1 Member=Component U12 MIC5205
Added Member To Class: ClassName=quadrotor1 Member=Component U13 MIC5205
Added Member To Class: ClassName=quadrotor1 Member=Component X1 +/-20PPM
Added Room: Name=quadrotor1
