Change Component Footprint: Designator=L4 Old Footprint=CD54 New Footprint=0603
Added Component: Designator=M1(MOTOR)
Add component. Clean all parameters for all variants
Added Component: Designator=M2(MOTOR)
Add component. Clean all parameters for all variants
Added Component: Designator=M3(MOTOR)
Add component. Clean all parameters for all variants
Added Component: Designator=M4(MOTOR)
Add component. Clean all parameters for all variants
Added Component: Designator=U4(SW)
Add component. Clean all parameters for all variants
Added Pin To Net: NetName=VSYS Pin=M1-1
Added Pin To Net: NetName=VSYS Pin=M2-1
Added Pin To Net: NetName=VSYS Pin=M3-1
Added Pin To Net: NetName=VSYS Pin=M4-1
Added Pin To Net: NetName=VSYS Pin=U4-1
Added Pin To Net: NetName=NetP6_2 Pin=U4-2
Added Pin To Net: NetName=NetU4_3 Pin=U4-3
Added Pin To Net: NetName=NetM1_2 Pin=M1-2
Added Pin To Net: NetName=NetM1_2 Pin=Q1-3
Added Net: Name=NetM1_2
Added Pin To Net: NetName=NetM2_2 Pin=M2-2
Added Pin To Net: NetName=NetM2_2 Pin=Q2-3
Added Net: Name=NetM2_2
Added Pin To Net: NetName=NetM3_2 Pin=M3-2
Added Pin To Net: NetName=NetM3_2 Pin=Q4-3
Added Net: Name=NetM3_2
Added Pin To Net: NetName=NetM4_2 Pin=M4-2
Added Pin To Net: NetName=NetM4_2 Pin=Q5-3
Added Net: Name=NetM4_2
Added Member To Class: ClassName=quadrotor1 Member=Component M1 MOTOR
Added Member To Class: ClassName=quadrotor1 Member=Component M2 MOTOR
Added Member To Class: ClassName=quadrotor1 Member=Component M3 MOTOR
Added Member To Class: ClassName=quadrotor1 Member=Component M4 MOTOR
Added Member To Class: ClassName=quadrotor1 Member=Component U4 SW
Added Room: Name=quadrotor1
